# of episode :20, avg score : 277.5, buffer size : 12188, epsilon : 7.9%
Traceback (most recent call last):
  File "dqn.py", line 117, in <module>
    main()
  File "dqn.py", line 112, in main
    torch.save(q.state_dict(), save_path)
  File "/home/vitou/workspace/projects/reinforcement_learning_atari/env/lib/python3.6/site-packages/torch/serialization.py", line 224, in save
    return _with_file_like(f, "wb", lambda f: _save(obj, f, pickle_module, pickle_protocol))
  File "/home/vitou/workspace/projects/reinforcement_learning_atari/env/lib/python3.6/site-packages/torch/serialization.py", line 147, in _with_file_like
    f = open(f, mode)
FileNotFoundError: [Errno 2] No such file or directory: './checkpoints/pacman_ram/20.pt'
# of episode :20, avg score : 75.0, buffer size : 12588, epsilon : 7.9%
# of episode :40, avg score : 102.5, buffer size : 24313, epsilon : 7.8%
# of episode :60, avg score : 118.5, buffer size : 35940, epsilon : 7.7%
# of episode :80, avg score : 86.0, buffer size : 47887, epsilon : 7.6%
# of episode :100, avg score : 86.0, buffer size : 50000, epsilon : 7.5%
# of episode :120, avg score : 106.5, buffer size : 50000, epsilon : 7.4%
# of episode :140, avg score : 117.0, buffer size : 50000, epsilon : 7.3%
# of episode :160, avg score : 91.0, buffer size : 50000, epsilon : 7.2%
# of episode :180, avg score : 105.5, buffer size : 50000, epsilon : 7.1%
# of episode :200, avg score : 135.5, buffer size : 50000, epsilon : 7.0%
# of episode :220, avg score : 120.0, buffer size : 50000, epsilon : 6.9%
# of episode :240, avg score : 128.5, buffer size : 50000, epsilon : 6.8%
# of episode :260, avg score : 109.5, buffer size : 50000, epsilon : 6.7%
# of episode :280, avg score : 121.5, buffer size : 50000, epsilon : 6.6%
# of episode :300, avg score : 100.5, buffer size : 50000, epsilon : 6.5%
# of episode :320, avg score : 87.0, buffer size : 50000, epsilon : 6.4%
# of episode :340, avg score : 80.5, buffer size : 50000, epsilon : 6.3%
# of episode :360, avg score : 88.0, buffer size : 50000, epsilon : 6.2%
# of episode :380, avg score : 83.0, buffer size : 50000, epsilon : 6.1%
# of episode :400, avg score : 147.5, buffer size : 50000, epsilon : 6.0%
# of episode :420, avg score : 85.0, buffer size : 50000, epsilon : 5.9%
# of episode :440, avg score : 163.0, buffer size : 50000, epsilon : 5.8%
# of episode :460, avg score : 94.0, buffer size : 50000, epsilon : 5.7%
# of episode :480, avg score : 130.0, buffer size : 50000, epsilon : 5.6%
# of episode :500, avg score : 159.0, buffer size : 50000, epsilon : 5.5%
# of episode :520, avg score : 106.5, buffer size : 50000, epsilon : 5.4%
# of episode :540, avg score : 103.5, buffer size : 50000, epsilon : 5.3%
# of episode :560, avg score : 121.5, buffer size : 50000, epsilon : 5.2%
# of episode :580, avg score : 74.5, buffer size : 50000, epsilon : 5.1%
# of episode :600, avg score : 91.5, buffer size : 50000, epsilon : 5.0%
# of episode :620, avg score : 125.0, buffer size : 50000, epsilon : 4.9%
# of episode :640, avg score : 102.5, buffer size : 50000, epsilon : 4.8%
# of episode :660, avg score : 124.5, buffer size : 50000, epsilon : 4.7%
# of episode :680, avg score : 81.0, buffer size : 50000, epsilon : 4.6%
# of episode :700, avg score : 99.5, buffer size : 50000, epsilon : 4.5%
# of episode :720, avg score : 114.0, buffer size : 50000, epsilon : 4.4%
# of episode :740, avg score : 99.0, buffer size : 50000, epsilon : 4.3%
# of episode :760, avg score : 150.5, buffer size : 50000, epsilon : 4.2%
# of episode :780, avg score : 128.5, buffer size : 50000, epsilon : 4.1%
# of episode :800, avg score : 108.0, buffer size : 50000, epsilon : 4.0%
# of episode :820, avg score : 91.5, buffer size : 50000, epsilon : 3.9%
# of episode :840, avg score : 81.0, buffer size : 50000, epsilon : 3.8%
# of episode :860, avg score : 125.0, buffer size : 50000, epsilon : 3.7%
# of episode :880, avg score : 101.5, buffer size : 50000, epsilon : 3.6%
# of episode :900, avg score : 156.0, buffer size : 50000, epsilon : 3.5%
# of episode :920, avg score : 129.5, buffer size : 50000, epsilon : 3.4%
# of episode :940, avg score : 114.0, buffer size : 50000, epsilon : 3.3%
# of episode :960, avg score : 120.0, buffer size : 50000, epsilon : 3.2%
# of episode :980, avg score : 96.5, buffer size : 50000, epsilon : 3.1%
# of episode :1000, avg score : 89.0, buffer size : 50000, epsilon : 3.0%
# of episode :1020, avg score : 124.5, buffer size : 50000, epsilon : 2.9%
# of episode :1040, avg score : 85.5, buffer size : 50000, epsilon : 2.8%
# of episode :1060, avg score : 126.5, buffer size : 50000, epsilon : 2.7%
# of episode :1080, avg score : 112.0, buffer size : 50000, epsilon : 2.6%
# of episode :1100, avg score : 90.0, buffer size : 50000, epsilon : 2.5%
# of episode :1120, avg score : 94.0, buffer size : 50000, epsilon : 2.4%
# of episode :1140, avg score : 85.5, buffer size : 50000, epsilon : 2.3%
# of episode :1160, avg score : 104.5, buffer size : 50000, epsilon : 2.2%
# of episode :1180, avg score : 82.0, buffer size : 50000, epsilon : 2.1%
# of episode :1200, avg score : 92.0, buffer size : 50000, epsilon : 2.0%
# of episode :1220, avg score : 107.5, buffer size : 50000, epsilon : 1.9%
# of episode :1240, avg score : 120.5, buffer size : 50000, epsilon : 1.8%
# of episode :1260, avg score : 128.5, buffer size : 50000, epsilon : 1.7%
# of episode :1280, avg score : 76.5, buffer size : 50000, epsilon : 1.6%
# of episode :1300, avg score : 83.0, buffer size : 50000, epsilon : 1.5%
# of episode :1320, avg score : 182.0, buffer size : 50000, epsilon : 1.4%
# of episode :1340, avg score : 160.5, buffer size : 50000, epsilon : 1.3%
# of episode :1360, avg score : 177.5, buffer size : 50000, epsilon : 1.2%
# of episode :1380, avg score : 144.5, buffer size : 50000, epsilon : 1.1%
# of episode :1400, avg score : 178.0, buffer size : 50000, epsilon : 1.0%
# of episode :1420, avg score : 132.5, buffer size : 50000, epsilon : 1.0%
# of episode :1440, avg score : 95.0, buffer size : 50000, epsilon : 1.0%
# of episode :1460, avg score : 162.5, buffer size : 50000, epsilon : 1.0%
# of episode :1480, avg score : 76.0, buffer size : 50000, epsilon : 1.0%
# of episode :1500, avg score : 133.0, buffer size : 50000, epsilon : 1.0%
# of episode :1520, avg score : 86.0, buffer size : 50000, epsilon : 1.0%
# of episode :1540, avg score : 216.0, buffer size : 50000, epsilon : 1.0%
# of episode :1560, avg score : 171.0, buffer size : 50000, epsilon : 1.0%
# of episode :1580, avg score : 214.0, buffer size : 50000, epsilon : 1.0%
# of episode :1600, avg score : 244.0, buffer size : 50000, epsilon : 1.0%
# of episode :1620, avg score : 262.5, buffer size : 50000, epsilon : 1.0%
# of episode :1640, avg score : 259.0, buffer size : 50000, epsilon : 1.0%
# of episode :1660, avg score : 177.0, buffer size : 50000, epsilon : 1.0%
# of episode :1680, avg score : 277.5, buffer size : 50000, epsilon : 1.0%
# of episode :1700, avg score : 152.0, buffer size : 50000, epsilon : 1.0%
# of episode :1720, avg score : 100.5, buffer size : 50000, epsilon : 1.0%
# of episode :1740, avg score : 255.5, buffer size : 50000, epsilon : 1.0%
# of episode :1760, avg score : 238.5, buffer size : 50000, epsilon : 1.0%
# of episode :1780, avg score : 195.0, buffer size : 50000, epsilon : 1.0%
# of episode :1800, avg score : 286.5, buffer size : 50000, epsilon : 1.0%
# of episode :1820, avg score : 216.5, buffer size : 50000, epsilon : 1.0%
# of episode :1840, avg score : 156.5, buffer size : 50000, epsilon : 1.0%
# of episode :1860, avg score : 223.5, buffer size : 50000, epsilon : 1.0%
# of episode :1880, avg score : 203.5, buffer size : 50000, epsilon : 1.0%
# of episode :1900, avg score : 235.0, buffer size : 50000, epsilon : 1.0%
# of episode :1920, avg score : 217.5, buffer size : 50000, epsilon : 1.0%
# of episode :1940, avg score : 204.5, buffer size : 50000, epsilon : 1.0%
# of episode :1960, avg score : 226.5, buffer size : 50000, epsilon : 1.0%
# of episode :1980, avg score : 212.5, buffer size : 50000, epsilon : 1.0%
# of episode :2000, avg score : 300.0, buffer size : 50000, epsilon : 1.0%
# of episode :2020, avg score : 179.5, buffer size : 50000, epsilon : 1.0%
# of episode :2040, avg score : 384.5, buffer size : 50000, epsilon : 1.0%
# of episode :2060, avg score : 306.0, buffer size : 50000, epsilon : 1.0%
# of episode :2080, avg score : 356.0, buffer size : 50000, epsilon : 1.0%
# of episode :2100, avg score : 331.0, buffer size : 50000, epsilon : 1.0%
# of episode :2120, avg score : 326.0, buffer size : 50000, epsilon : 1.0%
# of episode :2140, avg score : 408.0, buffer size : 50000, epsilon : 1.0%
# of episode :2160, avg score : 284.0, buffer size : 50000, epsilon : 1.0%
# of episode :2180, avg score : 229.0, buffer size : 50000, epsilon : 1.0%
# of episode :2200, avg score : 274.5, buffer size : 50000, epsilon : 1.0%
# of episode :2220, avg score : 374.0, buffer size : 50000, epsilon : 1.0%
# of episode :2240, avg score : 306.5, buffer size : 50000, epsilon : 1.0%
# of episode :2260, avg score : 292.5, buffer size : 50000, epsilon : 1.0%
# of episode :2280, avg score : 388.5, buffer size : 50000, epsilon : 1.0%
# of episode :2300, avg score : 314.0, buffer size : 50000, epsilon : 1.0%
# of episode :2320, avg score : 403.0, buffer size : 50000, epsilon : 1.0%
# of episode :2340, avg score : 402.0, buffer size : 50000, epsilon : 1.0%
# of episode :2360, avg score : 313.0, buffer size : 50000, epsilon : 1.0%
# of episode :2380, avg score : 359.0, buffer size : 50000, epsilon : 1.0%
# of episode :2400, avg score : 271.0, buffer size : 50000, epsilon : 1.0%
# of episode :2420, avg score : 354.0, buffer size : 50000, epsilon : 1.0%
# of episode :2440, avg score : 290.0, buffer size : 50000, epsilon : 1.0%
# of episode :2460, avg score : 244.5, buffer size : 50000, epsilon : 1.0%
# of episode :2480, avg score : 259.5, buffer size : 50000, epsilon : 1.0%
# of episode :2500, avg score : 299.0, buffer size : 50000, epsilon : 1.0%
# of episode :2520, avg score : 296.0, buffer size : 50000, epsilon : 1.0%
# of episode :2540, avg score : 216.0, buffer size : 50000, epsilon : 1.0%
# of episode :2560, avg score : 253.5, buffer size : 50000, epsilon : 1.0%
# of episode :2580, avg score : 203.0, buffer size : 50000, epsilon : 1.0%
# of episode :2600, avg score : 229.5, buffer size : 50000, epsilon : 1.0%
# of episode :2620, avg score : 238.0, buffer size : 50000, epsilon : 1.0%
# of episode :2640, avg score : 290.0, buffer size : 50000, epsilon : 1.0%
# of episode :2660, avg score : 288.5, buffer size : 50000, epsilon : 1.0%
# of episode :2680, avg score : 209.5, buffer size : 50000, epsilon : 1.0%
# of episode :2700, avg score : 221.5, buffer size : 50000, epsilon : 1.0%
# of episode :2720, avg score : 227.5, buffer size : 50000, epsilon : 1.0%
# of episode :2740, avg score : 173.0, buffer size : 50000, epsilon : 1.0%
# of episode :2760, avg score : 287.0, buffer size : 50000, epsilon : 1.0%
# of episode :2780, avg score : 195.5, buffer size : 50000, epsilon : 1.0%
# of episode :2800, avg score : 265.0, buffer size : 50000, epsilon : 1.0%
# of episode :2820, avg score : 238.0, buffer size : 50000, epsilon : 1.0%
# of episode :2840, avg score : 221.0, buffer size : 50000, epsilon : 1.0%
# of episode :2860, avg score : 285.5, buffer size : 50000, epsilon : 1.0%
# of episode :2880, avg score : 185.5, buffer size : 50000, epsilon : 1.0%
# of episode :2900, avg score : 246.5, buffer size : 50000, epsilon : 1.0%
# of episode :2920, avg score : 281.0, buffer size : 50000, epsilon : 1.0%
# of episode :2940, avg score : 277.0, buffer size : 50000, epsilon : 1.0%
# of episode :2960, avg score : 248.0, buffer size : 50000, epsilon : 1.0%
# of episode :2980, avg score : 233.5, buffer size : 50000, epsilon : 1.0%
# of episode :3000, avg score : 220.0, buffer size : 50000, epsilon : 1.0%
# of episode :3020, avg score : 173.5, buffer size : 50000, epsilon : 1.0%
# of episode :3040, avg score : 270.5, buffer size : 50000, epsilon : 1.0%
# of episode :3060, avg score : 165.0, buffer size : 50000, epsilon : 1.0%
# of episode :3080, avg score : 171.0, buffer size : 50000, epsilon : 1.0%
# of episode :3100, avg score : 300.0, buffer size : 50000, epsilon : 1.0%
# of episode :3120, avg score : 183.5, buffer size : 50000, epsilon : 1.0%
# of episode :3140, avg score : 215.5, buffer size : 50000, epsilon : 1.0%
# of episode :3160, avg score : 330.0, buffer size : 50000, epsilon : 1.0%
# of episode :3180, avg score : 239.5, buffer size : 50000, epsilon : 1.0%
# of episode :3200, avg score : 222.0, buffer size : 50000, epsilon : 1.0%
# of episode :3220, avg score : 193.0, buffer size : 50000, epsilon : 1.0%
# of episode :3240, avg score : 214.0, buffer size : 50000, epsilon : 1.0%
# of episode :3260, avg score : 217.5, buffer size : 50000, epsilon : 1.0%
# of episode :3280, avg score : 141.5, buffer size : 50000, epsilon : 1.0%
# of episode :3300, avg score : 170.0, buffer size : 50000, epsilon : 1.0%
# of episode :3320, avg score : 201.5, buffer size : 50000, epsilon : 1.0%
# of episode :3340, avg score : 204.5, buffer size : 50000, epsilon : 1.0%
# of episode :3360, avg score : 252.0, buffer size : 50000, epsilon : 1.0%
# of episode :3380, avg score : 238.5, buffer size : 50000, epsilon : 1.0%
# of episode :3400, avg score : 255.0, buffer size : 50000, epsilon : 1.0%
# of episode :3420, avg score : 270.0, buffer size : 50000, epsilon : 1.0%
# of episode :3440, avg score : 126.5, buffer size : 50000, epsilon : 1.0%
# of episode :3460, avg score : 237.0, buffer size : 50000, epsilon : 1.0%
# of episode :3480, avg score : 228.0, buffer size : 50000, epsilon : 1.0%
# of episode :3500, avg score : 230.0, buffer size : 50000, epsilon : 1.0%
# of episode :3520, avg score : 206.5, buffer size : 50000, epsilon : 1.0%
# of episode :3540, avg score : 161.0, buffer size : 50000, epsilon : 1.0%
# of episode :3560, avg score : 127.5, buffer size : 50000, epsilon : 1.0%
# of episode :3580, avg score : 148.5, buffer size : 50000, epsilon : 1.0%
# of episode :3600, avg score : 163.5, buffer size : 50000, epsilon : 1.0%
# of episode :3620, avg score : 182.5, buffer size : 50000, epsilon : 1.0%
# of episode :3640, avg score : 188.0, buffer size : 50000, epsilon : 1.0%
# of episode :3660, avg score : 199.0, buffer size : 50000, epsilon : 1.0%
# of episode :3680, avg score : 290.0, buffer size : 50000, epsilon : 1.0%
# of episode :3700, avg score : 180.0, buffer size : 50000, epsilon : 1.0%
# of episode :3720, avg score : 184.5, buffer size : 50000, epsilon : 1.0%
# of episode :3740, avg score : 202.5, buffer size : 50000, epsilon : 1.0%
# of episode :3760, avg score : 215.5, buffer size : 50000, epsilon : 1.0%
# of episode :3780, avg score : 220.5, buffer size : 50000, epsilon : 1.0%
# of episode :3800, avg score : 202.0, buffer size : 50000, epsilon : 1.0%
# of episode :3820, avg score : 194.5, buffer size : 50000, epsilon : 1.0%
# of episode :3840, avg score : 220.5, buffer size : 50000, epsilon : 1.0%
# of episode :3860, avg score : 285.0, buffer size : 50000, epsilon : 1.0%
# of episode :3880, avg score : 227.0, buffer size : 50000, epsilon : 1.0%
# of episode :3900, avg score : 220.0, buffer size : 50000, epsilon : 1.0%
# of episode :3920, avg score : 200.0, buffer size : 50000, epsilon : 1.0%
# of episode :3940, avg score : 238.0, buffer size : 50000, epsilon : 1.0%
# of episode :3960, avg score : 156.5, buffer size : 50000, epsilon : 1.0%
# of episode :3980, avg score : 189.5, buffer size : 50000, epsilon : 1.0%
# of episode :4000, avg score : 245.5, buffer size : 50000, epsilon : 1.0%
# of episode :4020, avg score : 237.0, buffer size : 50000, epsilon : 1.0%
# of episode :4040, avg score : 187.0, buffer size : 50000, epsilon : 1.0%
# of episode :4060, avg score : 234.5, buffer size : 50000, epsilon : 1.0%
# of episode :4080, avg score : 170.0, buffer size : 50000, epsilon : 1.0%
# of episode :4100, avg score : 162.5, buffer size : 50000, epsilon : 1.0%
# of episode :4120, avg score : 114.5, buffer size : 50000, epsilon : 1.0%
# of episode :4140, avg score : 164.5, buffer size : 50000, epsilon : 1.0%
# of episode :4160, avg score : 187.0, buffer size : 50000, epsilon : 1.0%
# of episode :4180, avg score : 196.0, buffer size : 50000, epsilon : 1.0%
# of episode :4200, avg score : 239.5, buffer size : 50000, epsilon : 1.0%
# of episode :4220, avg score : 139.0, buffer size : 50000, epsilon : 1.0%
# of episode :4240, avg score : 143.5, buffer size : 50000, epsilon : 1.0%
# of episode :4260, avg score : 152.0, buffer size : 50000, epsilon : 1.0%
# of episode :4280, avg score : 157.5, buffer size : 50000, epsilon : 1.0%
# of episode :4300, avg score : 174.5, buffer size : 50000, epsilon : 1.0%
# of episode :4320, avg score : 194.5, buffer size : 50000, epsilon : 1.0%
# of episode :4340, avg score : 156.0, buffer size : 50000, epsilon : 1.0%
# of episode :4360, avg score : 163.0, buffer size : 50000, epsilon : 1.0%
# of episode :4380, avg score : 214.0, buffer size : 50000, epsilon : 1.0%
# of episode :4400, avg score : 134.0, buffer size : 50000, epsilon : 1.0%
# of episode :4420, avg score : 161.0, buffer size : 50000, epsilon : 1.0%
# of episode :4440, avg score : 161.5, buffer size : 50000, epsilon : 1.0%
# of episode :4460, avg score : 171.0, buffer size : 50000, epsilon : 1.0%
# of episode :4480, avg score : 136.0, buffer size : 50000, epsilon : 1.0%
# of episode :4500, avg score : 154.5, buffer size : 50000, epsilon : 1.0%
# of episode :4520, avg score : 172.5, buffer size : 50000, epsilon : 1.0%
# of episode :4540, avg score : 144.0, buffer size : 50000, epsilon : 1.0%
# of episode :4560, avg score : 170.5, buffer size : 50000, epsilon : 1.0%
# of episode :4580, avg score : 179.0, buffer size : 50000, epsilon : 1.0%
# of episode :4600, avg score : 113.0, buffer size : 50000, epsilon : 1.0%
# of episode :4620, avg score : 149.5, buffer size : 50000, epsilon : 1.0%
# of episode :4640, avg score : 177.0, buffer size : 50000, epsilon : 1.0%
# of episode :4660, avg score : 176.5, buffer size : 50000, epsilon : 1.0%
# of episode :4680, avg score : 170.0, buffer size : 50000, epsilon : 1.0%
# of episode :4700, avg score : 159.0, buffer size : 50000, epsilon : 1.0%
# of episode :4720, avg score : 252.0, buffer size : 50000, epsilon : 1.0%
# of episode :4740, avg score : 176.0, buffer size : 50000, epsilon : 1.0%
# of episode :4760, avg score : 182.5, buffer size : 50000, epsilon : 1.0%
# of episode :4780, avg score : 169.0, buffer size : 50000, epsilon : 1.0%
# of episode :4800, avg score : 166.5, buffer size : 50000, epsilon : 1.0%
# of episode :4820, avg score : 138.0, buffer size : 50000, epsilon : 1.0%
# of episode :4840, avg score : 174.5, buffer size : 50000, epsilon : 1.0%
# of episode :4860, avg score : 191.0, buffer size : 50000, epsilon : 1.0%
# of episode :4880, avg score : 195.5, buffer size : 50000, epsilon : 1.0%
# of episode :4900, avg score : 133.0, buffer size : 50000, epsilon : 1.0%
# of episode :4920, avg score : 148.5, buffer size : 50000, epsilon : 1.0%
# of episode :4940, avg score : 160.5, buffer size : 50000, epsilon : 1.0%
# of episode :4960, avg score : 208.5, buffer size : 50000, epsilon : 1.0%
# of episode :4980, avg score : 142.5, buffer size : 50000, epsilon : 1.0%
# of episode :5000, avg score : 182.5, buffer size : 50000, epsilon : 1.0%
# of episode :5020, avg score : 170.5, buffer size : 50000, epsilon : 1.0%
# of episode :5040, avg score : 171.5, buffer size : 50000, epsilon : 1.0%
# of episode :5060, avg score : 210.0, buffer size : 50000, epsilon : 1.0%
# of episode :5080, avg score : 149.5, buffer size : 50000, epsilon : 1.0%
# of episode :5100, avg score : 147.0, buffer size : 50000, epsilon : 1.0%
# of episode :5120, avg score : 179.0, buffer size : 50000, epsilon : 1.0%
# of episode :5140, avg score : 169.5, buffer size : 50000, epsilon : 1.0%
# of episode :5160, avg score : 175.0, buffer size : 50000, epsilon : 1.0%
# of episode :5180, avg score : 204.5, buffer size : 50000, epsilon : 1.0%
# of episode :5200, avg score : 171.5, buffer size : 50000, epsilon : 1.0%
# of episode :5220, avg score : 193.0, buffer size : 50000, epsilon : 1.0%
# of episode :5240, avg score : 147.5, buffer size : 50000, epsilon : 1.0%
# of episode :5260, avg score : 202.0, buffer size : 50000, epsilon : 1.0%
# of episode :5280, avg score : 176.0, buffer size : 50000, epsilon : 1.0%
# of episode :5300, avg score : 154.0, buffer size : 50000, epsilon : 1.0%
# of episode :5320, avg score : 305.5, buffer size : 50000, epsilon : 1.0%
# of episode :5340, avg score : 172.0, buffer size : 50000, epsilon : 1.0%
# of episode :5360, avg score : 261.5, buffer size : 50000, epsilon : 1.0%
# of episode :5380, avg score : 151.0, buffer size : 50000, epsilon : 1.0%
# of episode :5400, avg score : 188.5, buffer size : 50000, epsilon : 1.0%
# of episode :5420, avg score : 213.5, buffer size : 50000, epsilon : 1.0%
# of episode :5440, avg score : 162.5, buffer size : 50000, epsilon : 1.0%
# of episode :5460, avg score : 142.5, buffer size : 50000, epsilon : 1.0%
# of episode :5480, avg score : 211.5, buffer size : 50000, epsilon : 1.0%
# of episode :5500, avg score : 192.0, buffer size : 50000, epsilon : 1.0%
# of episode :5520, avg score : 192.5, buffer size : 50000, epsilon : 1.0%
# of episode :5540, avg score : 234.5, buffer size : 50000, epsilon : 1.0%
# of episode :5560, avg score : 124.5, buffer size : 50000, epsilon : 1.0%
# of episode :5580, avg score : 193.0, buffer size : 50000, epsilon : 1.0%
# of episode :5600, avg score : 167.5, buffer size : 50000, epsilon : 1.0%
# of episode :5620, avg score : 218.5, buffer size : 50000, epsilon : 1.0%
# of episode :5640, avg score : 298.5, buffer size : 50000, epsilon : 1.0%
# of episode :5660, avg score : 156.0, buffer size : 50000, epsilon : 1.0%
# of episode :5680, avg score : 259.0, buffer size : 50000, epsilon : 1.0%
# of episode :5700, avg score : 203.5, buffer size : 50000, epsilon : 1.0%
# of episode :5720, avg score : 231.5, buffer size : 50000, epsilon : 1.0%
# of episode :5740, avg score : 197.0, buffer size : 50000, epsilon : 1.0%
# of episode :5760, avg score : 178.0, buffer size : 50000, epsilon : 1.0%
# of episode :5780, avg score : 194.0, buffer size : 50000, epsilon : 1.0%
# of episode :5800, avg score : 226.5, buffer size : 50000, epsilon : 1.0%
# of episode :5820, avg score : 220.5, buffer size : 50000, epsilon : 1.0%
# of episode :5840, avg score : 159.5, buffer size : 50000, epsilon : 1.0%
# of episode :5860, avg score : 134.5, buffer size : 50000, epsilon : 1.0%
# of episode :5880, avg score : 217.0, buffer size : 50000, epsilon : 1.0%
# of episode :5900, avg score : 164.0, buffer size : 50000, epsilon : 1.0%
# of episode :5920, avg score : 205.5, buffer size : 50000, epsilon : 1.0%
# of episode :5940, avg score : 171.0, buffer size : 50000, epsilon : 1.0%
# of episode :5960, avg score : 158.0, buffer size : 50000, epsilon : 1.0%
# of episode :5980, avg score : 156.0, buffer size : 50000, epsilon : 1.0%
# of episode :6000, avg score : 152.5, buffer size : 50000, epsilon : 1.0%
# of episode :6020, avg score : 159.5, buffer size : 50000, epsilon : 1.0%
# of episode :6040, avg score : 214.5, buffer size : 50000, epsilon : 1.0%
# of episode :6060, avg score : 129.0, buffer size : 50000, epsilon : 1.0%
# of episode :6080, avg score : 128.0, buffer size : 50000, epsilon : 1.0%
# of episode :6100, avg score : 138.5, buffer size : 50000, epsilon : 1.0%
# of episode :6120, avg score : 256.0, buffer size : 50000, epsilon : 1.0%
# of episode :6140, avg score : 169.0, buffer size : 50000, epsilon : 1.0%
# of episode :6160, avg score : 194.5, buffer size : 50000, epsilon : 1.0%
# of episode :6180, avg score : 253.5, buffer size : 50000, epsilon : 1.0%
# of episode :6200, avg score : 95.0, buffer size : 50000, epsilon : 1.0%
# of episode :6220, avg score : 133.5, buffer size : 50000, epsilon : 1.0%
# of episode :6240, avg score : 161.5, buffer size : 50000, epsilon : 1.0%
# of episode :6260, avg score : 142.5, buffer size : 50000, epsilon : 1.0%
# of episode :6280, avg score : 180.0, buffer size : 50000, epsilon : 1.0%
# of episode :6300, avg score : 157.5, buffer size : 50000, epsilon : 1.0%
# of episode :6320, avg score : 152.0, buffer size : 50000, epsilon : 1.0%
# of episode :6340, avg score : 154.5, buffer size : 50000, epsilon : 1.0%
# of episode :6360, avg score : 147.5, buffer size : 50000, epsilon : 1.0%
# of episode :6380, avg score : 182.0, buffer size : 50000, epsilon : 1.0%
# of episode :6400, avg score : 169.0, buffer size : 50000, epsilon : 1.0%
# of episode :6420, avg score : 149.5, buffer size : 50000, epsilon : 1.0%
# of episode :6440, avg score : 234.0, buffer size : 50000, epsilon : 1.0%
# of episode :6460, avg score : 158.5, buffer size : 50000, epsilon : 1.0%
# of episode :6480, avg score : 121.5, buffer size : 50000, epsilon : 1.0%
# of episode :6500, avg score : 141.0, buffer size : 50000, epsilon : 1.0%
# of episode :6520, avg score : 146.0, buffer size : 50000, epsilon : 1.0%
# of episode :6540, avg score : 198.0, buffer size : 50000, epsilon : 1.0%
# of episode :6560, avg score : 159.5, buffer size : 50000, epsilon : 1.0%
# of episode :6580, avg score : 151.0, buffer size : 50000, epsilon : 1.0%
# of episode :6600, avg score : 168.0, buffer size : 50000, epsilon : 1.0%
# of episode :6620, avg score : 160.0, buffer size : 50000, epsilon : 1.0%
# of episode :6640, avg score : 147.0, buffer size : 50000, epsilon : 1.0%
# of episode :6660, avg score : 268.0, buffer size : 50000, epsilon : 1.0%
# of episode :6680, avg score : 148.5, buffer size : 50000, epsilon : 1.0%
# of episode :6700, avg score : 142.0, buffer size : 50000, epsilon : 1.0%
# of episode :6720, avg score : 222.0, buffer size : 50000, epsilon : 1.0%
# of episode :6740, avg score : 156.0, buffer size : 50000, epsilon : 1.0%
# of episode :6760, avg score : 166.0, buffer size : 50000, epsilon : 1.0%
# of episode :6780, avg score : 163.5, buffer size : 50000, epsilon : 1.0%
# of episode :6800, avg score : 143.5, buffer size : 50000, epsilon : 1.0%
# of episode :6820, avg score : 132.5, buffer size : 50000, epsilon : 1.0%
# of episode :6840, avg score : 119.0, buffer size : 50000, epsilon : 1.0%
# of episode :6860, avg score : 154.0, buffer size : 50000, epsilon : 1.0%
# of episode :6880, avg score : 161.0, buffer size : 50000, epsilon : 1.0%
# of episode :6900, avg score : 158.5, buffer size : 50000, epsilon : 1.0%
# of episode :6920, avg score : 234.0, buffer size : 50000, epsilon : 1.0%
# of episode :6940, avg score : 163.0, buffer size : 50000, epsilon : 1.0%
# of episode :6960, avg score : 158.5, buffer size : 50000, epsilon : 1.0%
# of episode :6980, avg score : 165.5, buffer size : 50000, epsilon : 1.0%
# of episode :7000, avg score : 186.5, buffer size : 50000, epsilon : 1.0%
# of episode :7020, avg score : 211.0, buffer size : 50000, epsilon : 1.0%
# of episode :7040, avg score : 175.0, buffer size : 50000, epsilon : 1.0%
# of episode :7060, avg score : 114.0, buffer size : 50000, epsilon : 1.0%
# of episode :7080, avg score : 123.5, buffer size : 50000, epsilon : 1.0%
# of episode :7100, avg score : 140.5, buffer size : 50000, epsilon : 1.0%
# of episode :7120, avg score : 248.5, buffer size : 50000, epsilon : 1.0%
# of episode :7140, avg score : 179.0, buffer size : 50000, epsilon : 1.0%
# of episode :7160, avg score : 166.0, buffer size : 50000, epsilon : 1.0%
# of episode :7180, avg score : 215.5, buffer size : 50000, epsilon : 1.0%
# of episode :7200, avg score : 153.5, buffer size : 50000, epsilon : 1.0%
# of episode :7220, avg score : 116.5, buffer size : 50000, epsilon : 1.0%
# of episode :7240, avg score : 196.0, buffer size : 50000, epsilon : 1.0%
# of episode :7260, avg score : 185.0, buffer size : 50000, epsilon : 1.0%
# of episode :7280, avg score : 113.0, buffer size : 50000, epsilon : 1.0%
# of episode :7300, avg score : 156.5, buffer size : 50000, epsilon : 1.0%
# of episode :7320, avg score : 157.0, buffer size : 50000, epsilon : 1.0%
# of episode :7340, avg score : 235.0, buffer size : 50000, epsilon : 1.0%
# of episode :7360, avg score : 126.0, buffer size : 50000, epsilon : 1.0%
# of episode :7380, avg score : 193.5, buffer size : 50000, epsilon : 1.0%
# of episode :7400, avg score : 177.0, buffer size : 50000, epsilon : 1.0%
# of episode :7420, avg score : 149.0, buffer size : 50000, epsilon : 1.0%
# of episode :7440, avg score : 139.0, buffer size : 50000, epsilon : 1.0%
# of episode :7460, avg score : 146.0, buffer size : 50000, epsilon : 1.0%
# of episode :7480, avg score : 123.0, buffer size : 50000, epsilon : 1.0%
# of episode :7500, avg score : 182.0, buffer size : 50000, epsilon : 1.0%
# of episode :7520, avg score : 226.0, buffer size : 50000, epsilon : 1.0%
# of episode :7540, avg score : 137.0, buffer size : 50000, epsilon : 1.0%
# of episode :7560, avg score : 191.5, buffer size : 50000, epsilon : 1.0%
# of episode :7580, avg score : 144.0, buffer size : 50000, epsilon : 1.0%
# of episode :7600, avg score : 157.5, buffer size : 50000, epsilon : 1.0%
# of episode :7620, avg score : 187.5, buffer size : 50000, epsilon : 1.0%
# of episode :7640, avg score : 207.0, buffer size : 50000, epsilon : 1.0%
# of episode :7660, avg score : 180.0, buffer size : 50000, epsilon : 1.0%
# of episode :7680, avg score : 125.5, buffer size : 50000, epsilon : 1.0%
# of episode :7700, avg score : 147.5, buffer size : 50000, epsilon : 1.0%
# of episode :7720, avg score : 173.0, buffer size : 50000, epsilon : 1.0%
# of episode :7740, avg score : 194.5, buffer size : 50000, epsilon : 1.0%
# of episode :7760, avg score : 191.5, buffer size : 50000, epsilon : 1.0%
# of episode :7780, avg score : 205.5, buffer size : 50000, epsilon : 1.0%
# of episode :7800, avg score : 140.5, buffer size : 50000, epsilon : 1.0%
# of episode :7820, avg score : 196.5, buffer size : 50000, epsilon : 1.0%
# of episode :7840, avg score : 180.5, buffer size : 50000, epsilon : 1.0%
# of episode :7860, avg score : 189.0, buffer size : 50000, epsilon : 1.0%
# of episode :7880, avg score : 226.5, buffer size : 50000, epsilon : 1.0%
# of episode :7900, avg score : 126.5, buffer size : 50000, epsilon : 1.0%
# of episode :7920, avg score : 128.5, buffer size : 50000, epsilon : 1.0%
# of episode :7940, avg score : 114.5, buffer size : 50000, epsilon : 1.0%
# of episode :7960, avg score : 153.5, buffer size : 50000, epsilon : 1.0%
# of episode :7980, avg score : 184.5, buffer size : 50000, epsilon : 1.0%
# of episode :8000, avg score : 174.5, buffer size : 50000, epsilon : 1.0%
# of episode :8020, avg score : 160.0, buffer size : 50000, epsilon : 1.0%
# of episode :8040, avg score : 194.5, buffer size : 50000, epsilon : 1.0%
# of episode :8060, avg score : 180.5, buffer size : 50000, epsilon : 1.0%
# of episode :8080, avg score : 194.0, buffer size : 50000, epsilon : 1.0%
# of episode :8100, avg score : 145.5, buffer size : 50000, epsilon : 1.0%
# of episode :8120, avg score : 149.5, buffer size : 50000, epsilon : 1.0%
# of episode :8140, avg score : 165.5, buffer size : 50000, epsilon : 1.0%
# of episode :8160, avg score : 152.0, buffer size : 50000, epsilon : 1.0%
# of episode :8180, avg score : 205.0, buffer size : 50000, epsilon : 1.0%
# of episode :8200, avg score : 165.5, buffer size : 50000, epsilon : 1.0%
# of episode :8220, avg score : 163.0, buffer size : 50000, epsilon : 1.0%
# of episode :8240, avg score : 179.5, buffer size : 50000, epsilon : 1.0%
# of episode :8260, avg score : 220.5, buffer size : 50000, epsilon : 1.0%
# of episode :8280, avg score : 145.5, buffer size : 50000, epsilon : 1.0%
# of episode :8300, avg score : 245.5, buffer size : 50000, epsilon : 1.0%
# of episode :8320, avg score : 233.0, buffer size : 50000, epsilon : 1.0%
# of episode :8340, avg score : 193.5, buffer size : 50000, epsilon : 1.0%
# of episode :8360, avg score : 180.5, buffer size : 50000, epsilon : 1.0%
# of episode :8380, avg score : 160.5, buffer size : 50000, epsilon : 1.0%
# of episode :8400, avg score : 169.5, buffer size : 50000, epsilon : 1.0%
# of episode :8420, avg score : 155.0, buffer size : 50000, epsilon : 1.0%
# of episode :8440, avg score : 180.5, buffer size : 50000, epsilon : 1.0%
# of episode :8460, avg score : 140.5, buffer size : 50000, epsilon : 1.0%
# of episode :8480, avg score : 177.5, buffer size : 50000, epsilon : 1.0%
# of episode :8500, avg score : 163.0, buffer size : 50000, epsilon : 1.0%
# of episode :8520, avg score : 199.5, buffer size : 50000, epsilon : 1.0%
# of episode :8540, avg score : 138.5, buffer size : 50000, epsilon : 1.0%
# of episode :8560, avg score : 179.0, buffer size : 50000, epsilon : 1.0%
# of episode :8580, avg score : 214.5, buffer size : 50000, epsilon : 1.0%
# of episode :8600, avg score : 157.5, buffer size : 50000, epsilon : 1.0%
# of episode :8620, avg score : 230.5, buffer size : 50000, epsilon : 1.0%
# of episode :8640, avg score : 205.5, buffer size : 50000, epsilon : 1.0%
# of episode :8660, avg score : 152.0, buffer size : 50000, epsilon : 1.0%
# of episode :8680, avg score : 155.5, buffer size : 50000, epsilon : 1.0%
# of episode :8700, avg score : 164.5, buffer size : 50000, epsilon : 1.0%
# of episode :8720, avg score : 148.0, buffer size : 50000, epsilon : 1.0%
# of episode :8740, avg score : 161.5, buffer size : 50000, epsilon : 1.0%
# of episode :8760, avg score : 166.5, buffer size : 50000, epsilon : 1.0%
# of episode :8780, avg score : 164.0, buffer size : 50000, epsilon : 1.0%
# of episode :8800, avg score : 143.0, buffer size : 50000, epsilon : 1.0%
# of episode :8820, avg score : 145.0, buffer size : 50000, epsilon : 1.0%
# of episode :8840, avg score : 127.5, buffer size : 50000, epsilon : 1.0%
# of episode :8860, avg score : 129.5, buffer size : 50000, epsilon : 1.0%
# of episode :8880, avg score : 203.0, buffer size : 50000, epsilon : 1.0%
# of episode :8900, avg score : 145.0, buffer size : 50000, epsilon : 1.0%
# of episode :8920, avg score : 145.0, buffer size : 50000, epsilon : 1.0%
# of episode :8940, avg score : 179.5, buffer size : 50000, epsilon : 1.0%
# of episode :8960, avg score : 191.5, buffer size : 50000, epsilon : 1.0%
# of episode :8980, avg score : 172.5, buffer size : 50000, epsilon : 1.0%
# of episode :9000, avg score : 241.0, buffer size : 50000, epsilon : 1.0%
# of episode :9020, avg score : 187.5, buffer size : 50000, epsilon : 1.0%
# of episode :9040, avg score : 154.0, buffer size : 50000, epsilon : 1.0%
# of episode :9060, avg score : 318.0, buffer size : 50000, epsilon : 1.0%
# of episode :9080, avg score : 119.0, buffer size : 50000, epsilon : 1.0%
# of episode :9100, avg score : 152.5, buffer size : 50000, epsilon : 1.0%
# of episode :9120, avg score : 135.5, buffer size : 50000, epsilon : 1.0%
# of episode :9140, avg score : 175.5, buffer size : 50000, epsilon : 1.0%
# of episode :9160, avg score : 201.0, buffer size : 50000, epsilon : 1.0%
# of episode :9180, avg score : 167.0, buffer size : 50000, epsilon : 1.0%
# of episode :9200, avg score : 179.5, buffer size : 50000, epsilon : 1.0%
# of episode :9220, avg score : 150.5, buffer size : 50000, epsilon : 1.0%
# of episode :9240, avg score : 177.0, buffer size : 50000, epsilon : 1.0%
# of episode :9260, avg score : 170.5, buffer size : 50000, epsilon : 1.0%
# of episode :9280, avg score : 190.0, buffer size : 50000, epsilon : 1.0%
# of episode :9300, avg score : 156.5, buffer size : 50000, epsilon : 1.0%
# of episode :9320, avg score : 171.5, buffer size : 50000, epsilon : 1.0%
# of episode :9340, avg score : 202.5, buffer size : 50000, epsilon : 1.0%
# of episode :9360, avg score : 181.5, buffer size : 50000, epsilon : 1.0%
# of episode :9380, avg score : 184.5, buffer size : 50000, epsilon : 1.0%
# of episode :9400, avg score : 168.0, buffer size : 50000, epsilon : 1.0%
# of episode :9420, avg score : 183.0, buffer size : 50000, epsilon : 1.0%
# of episode :9440, avg score : 227.0, buffer size : 50000, epsilon : 1.0%
# of episode :9460, avg score : 146.0, buffer size : 50000, epsilon : 1.0%
# of episode :9480, avg score : 173.0, buffer size : 50000, epsilon : 1.0%
# of episode :9500, avg score : 128.5, buffer size : 50000, epsilon : 1.0%
# of episode :9520, avg score : 177.0, buffer size : 50000, epsilon : 1.0%
# of episode :9540, avg score : 140.0, buffer size : 50000, epsilon : 1.0%
# of episode :9560, avg score : 141.5, buffer size : 50000, epsilon : 1.0%
# of episode :9580, avg score : 189.5, buffer size : 50000, epsilon : 1.0%
# of episode :9600, avg score : 194.0, buffer size : 50000, epsilon : 1.0%
# of episode :9620, avg score : 157.5, buffer size : 50000, epsilon : 1.0%
# of episode :9640, avg score : 252.5, buffer size : 50000, epsilon : 1.0%
# of episode :9660, avg score : 167.0, buffer size : 50000, epsilon : 1.0%
# of episode :9680, avg score : 147.0, buffer size : 50000, epsilon : 1.0%
# of episode :9700, avg score : 154.0, buffer size : 50000, epsilon : 1.0%
# of episode :9720, avg score : 206.5, buffer size : 50000, epsilon : 1.0%
# of episode :9740, avg score : 165.0, buffer size : 50000, epsilon : 1.0%
# of episode :9760, avg score : 228.0, buffer size : 50000, epsilon : 1.0%
# of episode :9780, avg score : 253.0, buffer size : 50000, epsilon : 1.0%
# of episode :9800, avg score : 293.5, buffer size : 50000, epsilon : 1.0%
# of episode :9820, avg score : 299.0, buffer size : 50000, epsilon : 1.0%
# of episode :9840, avg score : 230.5, buffer size : 50000, epsilon : 1.0%
# of episode :9860, avg score : 245.5, buffer size : 50000, epsilon : 1.0%
# of episode :9880, avg score : 253.5, buffer size : 50000, epsilon : 1.0%
# of episode :9900, avg score : 265.0, buffer size : 50000, epsilon : 1.0%
# of episode :9920, avg score : 215.5, buffer size : 50000, epsilon : 1.0%
# of episode :9940, avg score : 254.5, buffer size : 50000, epsilon : 1.0%
# of episode :9960, avg score : 246.5, buffer size : 50000, epsilon : 1.0%
# of episode :9980, avg score : 179.5, buffer size : 50000, epsilon : 1.0%
